<?xml version="1.0" encoding="UTF-8"?>
<!-- Generated by org.testng.reporters.JUnitReportReporter -->
<testsuite hostname="DESKTOP-AF67KGU" failures="0" tests="2" name="smartbuy1.smar_buy" time="4.552" errors="0" timestamp="2022-11-25T18:10:28 EET" skipped="0">
  <testcase classname="smartbuy1.smar_buy" name="Test_price_of_added" time="0.034"/>
  <system-out/>
  <testcase classname="smartbuy1.smar_buy" name="add_Element_labtop" time="4.518"/>
  <system-out/>
</testsuite> <!-- smartbuy1.smar_buy -->
